<?xml version="1.0" encoding="UTF-8"?>
<!-- Generated by org.testng.reporters.JUnitReportReporter -->
<testsuite hostname="SRIDHAR" failures="0" tests="1" name="com.maven.testscript.LoginActi" time="44.031" errors="0" timestamp="2023-06-07T11:11:28 IST" skipped="0">
  <testcase classname="com.maven.testscript.LoginActi" name="login" time="44.031"/>
  <system-out/>
</testsuite> <!-- com.maven.testscript.LoginActi -->
