<?xml version="1.0" encoding="UTF-8"?>
<!-- Generated by org.testng.reporters.JUnitReportReporter -->
<testsuite hostname="SRIDHAR" failures="0" tests="1" name="com.maven.testscript.Demo" time="0.015" errors="0" timestamp="2023-05-31T18:29:35 IST" skipped="0">
  <testcase classname="com.maven.testscript.Demo" name="demo1" time="0.015"/>
  <system-out>
    <![CDATA[MavenDemo]]>
  </system-out>
</testsuite> <!-- com.maven.testscript.Demo -->
